2025-11-04 17:36:13 | INFO     | app_logger | __init__:19 | DatabaseRepository initialized with server: servidor-desarrollo-db.database.windows.net, database: bd_codigo_caf_pruebas
2025-11-04 17:36:13 | INFO     | app_logger | __init__:19 | DatabaseRepository initialized with server: servidor-desarrollo-db.database.windows.net, database: bd_codigo_caf_pruebas
2025-11-04 17:36:13 | INFO     | app_logger | __init__:19 | DatabaseRepository initialized with server: servidor-desarrollo-db.database.windows.net, database: bd_codigo_caf_pruebas
2025-11-04 17:36:13 | INFO     | app_logger | __init__:19 | DatabaseRepository initialized with server: servidor-desarrollo-db.database.windows.net, database: bd_codigo_caf_pruebas
2025-11-04 17:36:13 | INFO     | app_logger | __init__:19 | DatabaseRepository initialized with server: servidor-desarrollo-db.database.windows.net, database: bd_codigo_caf_pruebas
2025-11-04 17:36:13 | INFO     | app_logger | __init__:19 | DatabaseRepository initialized with server: servidor-desarrollo-db.database.windows.net, database: bd_codigo_caf_pruebas
2025-11-04 17:36:13 | INFO     | app_logger | __init__:19 | DatabaseRepository initialized with server: servidor-desarrollo-db.database.windows.net, database: bd_codigo_caf_pruebas
2025-11-04 17:36:14 | INFO     | app_logger | __init__:19 | DatabaseRepository initialized with server: servidor-desarrollo-db.database.windows.net, database: bd_codigo_caf_pruebas
2025-11-04 17:46:12 | INFO     | app_logger | __init__:19 | DatabaseRepository initialized with server: servidor-desarrollo-db.database.windows.net, database: bd_codigo_caf_pruebas
2025-11-04 17:46:12 | INFO     | app_logger | __init__:19 | DatabaseRepository initialized with server: servidor-desarrollo-db.database.windows.net, database: bd_codigo_caf_pruebas
2025-11-04 17:46:12 | INFO     | app_logger | __init__:19 | DatabaseRepository initialized with server: servidor-desarrollo-db.database.windows.net, database: bd_codigo_caf_pruebas
2025-11-04 17:46:12 | INFO     | app_logger | __init__:19 | DatabaseRepository initialized with server: servidor-desarrollo-db.database.windows.net, database: bd_codigo_caf_pruebas
2025-11-04 17:46:12 | INFO     | app_logger | __init__:19 | DatabaseRepository initialized with server: servidor-desarrollo-db.database.windows.net, database: bd_codigo_caf_pruebas
2025-11-04 17:46:12 | INFO     | app_logger | __init__:19 | DatabaseRepository initialized with server: servidor-desarrollo-db.database.windows.net, database: bd_codigo_caf_pruebas
2025-11-04 17:46:12 | INFO     | app_logger | __init__:19 | DatabaseRepository initialized with server: servidor-desarrollo-db.database.windows.net, database: bd_codigo_caf_pruebas
2025-11-04 17:46:12 | INFO     | app_logger | __init__:19 | DatabaseRepository initialized with server: servidor-desarrollo-db.database.windows.net, database: bd_codigo_caf_pruebas
2025-11-05 00:31:48 | INFO     | app_logger | __init__:20 | DatabaseRepository initialized with server: servidor-desarrollo-db.database.windows.net, database: bd_codigo_caf_pruebas
2025-11-05 00:31:48 | INFO     | app_logger | __init__:20 | DatabaseRepository initialized with server: servidor-desarrollo-db.database.windows.net, database: bd_codigo_caf_pruebas
2025-11-05 00:31:48 | INFO     | app_logger | __init__:20 | DatabaseRepository initialized with server: servidor-desarrollo-db.database.windows.net, database: bd_codigo_caf_pruebas
2025-11-05 00:31:48 | INFO     | app_logger | __init__:20 | DatabaseRepository initialized with server: servidor-desarrollo-db.database.windows.net, database: bd_codigo_caf_pruebas
2025-11-05 00:31:48 | INFO     | app_logger | __init__:20 | DatabaseRepository initialized with server: servidor-desarrollo-db.database.windows.net, database: bd_codigo_caf_pruebas
2025-11-05 00:31:48 | INFO     | app_logger | __init__:20 | DatabaseRepository initialized with server: servidor-desarrollo-db.database.windows.net, database: bd_codigo_caf_pruebas
2025-11-05 00:31:48 | INFO     | app_logger | __init__:20 | DatabaseRepository initialized with server: servidor-desarrollo-db.database.windows.net, database: bd_codigo_caf_pruebas
2025-11-05 00:31:48 | INFO     | app_logger | __init__:20 | DatabaseRepository initialized with server: servidor-desarrollo-db.database.windows.net, database: bd_codigo_caf_pruebas
2025-11-05 00:31:48 | INFO     | app_logger | __init__:20 | DatabaseRepository initialized with server: servidor-desarrollo-db.database.windows.net, database: bd_codigo_caf_pruebas
2025-11-05 00:31:48 | INFO     | app_logger | __init__:20 | DatabaseRepository initialized with server: servidor-desarrollo-db.database.windows.net, database: bd_codigo_caf_pruebas
2025-11-05 00:31:48 | INFO     | app_logger | __init__:20 | DatabaseRepository initialized with server: servidor-desarrollo-db.database.windows.net, database: bd_codigo_caf_pruebas
2025-11-05 00:31:48 | INFO     | app_logger | __init__:20 | DatabaseRepository initialized with server: servidor-desarrollo-db.database.windows.net, database: bd_codigo_caf_pruebas
2025-11-05 00:50:16 | INFO     | app_logger | __init__:21 | DatabaseRepository initialized with server: servidor-desarrollo-db.database.windows.net, database: bd_codigo_caf_pruebas
2025-11-05 00:50:16 | INFO     | app_logger | __init__:21 | DatabaseRepository initialized with server: servidor-desarrollo-db.database.windows.net, database: bd_codigo_caf_pruebas
2025-11-05 00:50:16 | INFO     | app_logger | __init__:21 | DatabaseRepository initialized with server: servidor-desarrollo-db.database.windows.net, database: bd_codigo_caf_pruebas
2025-11-05 00:50:16 | INFO     | app_logger | __init__:21 | DatabaseRepository initialized with server: servidor-desarrollo-db.database.windows.net, database: bd_codigo_caf_pruebas
2025-11-05 00:50:16 | INFO     | app_logger | __init__:21 | DatabaseRepository initialized with server: servidor-desarrollo-db.database.windows.net, database: bd_codigo_caf_pruebas
2025-11-05 00:50:16 | INFO     | app_logger | __init__:21 | DatabaseRepository initialized with server: servidor-desarrollo-db.database.windows.net, database: bd_codigo_caf_pruebas
2025-11-05 00:50:16 | INFO     | app_logger | __init__:21 | DatabaseRepository initialized with server: servidor-desarrollo-db.database.windows.net, database: bd_codigo_caf_pruebas
2025-11-05 00:50:16 | INFO     | app_logger | __init__:21 | DatabaseRepository initialized with server: servidor-desarrollo-db.database.windows.net, database: bd_codigo_caf_pruebas
2025-11-05 00:50:16 | INFO     | app_logger | __init__:21 | DatabaseRepository initialized with server: servidor-desarrollo-db.database.windows.net, database: bd_codigo_caf_pruebas
2025-11-05 00:50:16 | INFO     | app_logger | __init__:21 | DatabaseRepository initialized with server: servidor-desarrollo-db.database.windows.net, database: bd_codigo_caf_pruebas
2025-11-05 00:50:16 | INFO     | app_logger | __init__:21 | DatabaseRepository initialized with server: servidor-desarrollo-db.database.windows.net, database: bd_codigo_caf_pruebas
2025-11-05 00:50:16 | INFO     | app_logger | __init__:21 | DatabaseRepository initialized with server: servidor-desarrollo-db.database.windows.net, database: bd_codigo_caf_pruebas
2025-11-05 00:53:06 | INFO     | app_logger | process_excel:66 | Nuevo trabajo creado - Job ID: de78f039-12ed-4d80-8028-9ff24a9d9b56, Cliente: 987532460, Fecha: 20251102, Archivo: BalanceAsubir.xlsx
2025-11-05 00:53:06 | INFO     | app_logger | get_connection:25 | Estableciendo conexión a BD: servidor-desarrollo-db.database.windows.net/bd_codigo_caf_pruebas/servidor-desarrollo-bd/ODBC Driver 18 for SQL Server/1433
2025-11-05 00:53:06 | INFO     | app_logger | get_connection:26 | Connection String: DRIVER={ODBC Driver 18 for SQL Server};SERVER=servidor-desarrollo-db.database.windows.net,1433;DATABASE=bd_codigo_caf_pruebas;UID=servidor-desarrollo-bd;PWD=$Capacitacion2025$;Encrypt=yes;TrustServerCertificate=no;Connection Timeout=30;
2025-11-05 00:53:08 | INFO     | app_logger | get_connection:28 | Conexión establecida exitosamente
2025-11-05 00:53:09 | INFO     | app_logger | insert_or_update_job_history:151 |  JobHistory actualizado correctamente para JobId: de78f039-12ed-4d80-8028-9ff24a9d9b56
2025-11-05 00:53:09 | INFO     | app_logger | get_connection:25 | Estableciendo conexión a BD: servidor-desarrollo-db.database.windows.net/bd_codigo_caf_pruebas/servidor-desarrollo-bd/ODBC Driver 18 for SQL Server/1433
2025-11-05 00:53:09 | INFO     | app_logger | get_connection:26 | Connection String: DRIVER={ODBC Driver 18 for SQL Server};SERVER=servidor-desarrollo-db.database.windows.net,1433;DATABASE=bd_codigo_caf_pruebas;UID=servidor-desarrollo-bd;PWD=$Capacitacion2025$;Encrypt=yes;TrustServerCertificate=no;Connection Timeout=30;
2025-11-05 00:53:10 | INFO     | app_logger | get_connection:28 | Conexión establecida exitosamente
2025-11-05 00:53:10 | INFO     | app_logger | insert_or_update_job_history:151 |  JobHistory actualizado correctamente para JobId: de78f039-12ed-4d80-8028-9ff24a9d9b56
2025-11-05 00:53:10 | INFO     | app_logger | get_connection:25 | Estableciendo conexión a BD: servidor-desarrollo-db.database.windows.net/bd_codigo_caf_pruebas/servidor-desarrollo-bd/ODBC Driver 18 for SQL Server/1433
2025-11-05 00:53:10 | INFO     | app_logger | get_connection:26 | Connection String: DRIVER={ODBC Driver 18 for SQL Server};SERVER=servidor-desarrollo-db.database.windows.net,1433;DATABASE=bd_codigo_caf_pruebas;UID=servidor-desarrollo-bd;PWD=$Capacitacion2025$;Encrypt=yes;TrustServerCertificate=no;Connection Timeout=30;
2025-11-05 00:53:11 | INFO     | app_logger | get_connection:28 | Conexión establecida exitosamente
2025-11-05 00:53:11 | INFO     | app_logger | insert_or_update_job_history:151 |  JobHistory actualizado correctamente para JobId: de78f039-12ed-4d80-8028-9ff24a9d9b56
2025-11-05 00:53:11 | INFO     | app_logger | get_connection:25 | Estableciendo conexión a BD: servidor-desarrollo-db.database.windows.net/bd_codigo_caf_pruebas/servidor-desarrollo-bd/ODBC Driver 18 for SQL Server/1433
2025-11-05 00:53:11 | INFO     | app_logger | get_connection:26 | Connection String: DRIVER={ODBC Driver 18 for SQL Server};SERVER=servidor-desarrollo-db.database.windows.net,1433;DATABASE=bd_codigo_caf_pruebas;UID=servidor-desarrollo-bd;PWD=$Capacitacion2025$;Encrypt=yes;TrustServerCertificate=no;Connection Timeout=30;
2025-11-05 00:53:12 | INFO     | app_logger | get_connection:28 | Conexión establecida exitosamente
2025-11-05 00:53:12 | INFO     | app_logger | insert_or_update_job_history:151 |  JobHistory actualizado correctamente para JobId: de78f039-12ed-4d80-8028-9ff24a9d9b56
2025-11-05 00:53:13 | INFO     | app_logger | save_with_transaction_and_validations:315 | Iniciando transacción | Cliente: 987532460 | Fecha: 20251102 | Filas: 631
2025-11-05 00:53:13 | INFO     | app_logger | get_connection:25 | Estableciendo conexión a BD: servidor-desarrollo-db.database.windows.net/bd_codigo_caf_pruebas/servidor-desarrollo-bd/ODBC Driver 18 for SQL Server/1433
2025-11-05 00:53:13 | INFO     | app_logger | get_connection:26 | Connection String: DRIVER={ODBC Driver 18 for SQL Server};SERVER=servidor-desarrollo-db.database.windows.net,1433;DATABASE=bd_codigo_caf_pruebas;UID=servidor-desarrollo-bd;PWD=$Capacitacion2025$;Encrypt=yes;TrustServerCertificate=no;Connection Timeout=30;
2025-11-05 00:53:13 | INFO     | app_logger | get_connection:28 | Conexión establecida exitosamente
2025-11-05 00:53:13 | INFO     | app_logger | get_connection:25 | Estableciendo conexión a BD: servidor-desarrollo-db.database.windows.net/bd_codigo_caf_pruebas/servidor-desarrollo-bd/ODBC Driver 18 for SQL Server/1433
2025-11-05 00:53:13 | INFO     | app_logger | get_connection:26 | Connection String: DRIVER={ODBC Driver 18 for SQL Server};SERVER=servidor-desarrollo-db.database.windows.net,1433;DATABASE=bd_codigo_caf_pruebas;UID=servidor-desarrollo-bd;PWD=$Capacitacion2025$;Encrypt=yes;TrustServerCertificate=no;Connection Timeout=30;
2025-11-05 00:53:14 | INFO     | app_logger | get_connection:28 | Conexión establecida exitosamente
2025-11-05 00:53:14 | INFO     | app_logger | save_with_transaction_and_validations:327 | Transacción iniciada
2025-11-05 00:53:14 | INFO     | app_logger | save_with_transaction_and_validations:331 | Insertando 631 registros...
2025-11-05 00:54:12 | INFO     | app_logger | save_with_transaction_and_validations:384 |  631 registros insertados en transacción
2025-11-05 00:54:12 | INFO     | app_logger | save_with_transaction_and_validations:407 | Totales Generales calculados: {'total_registros': 631, 'suma_saldo_inicial': Decimal('27452848.42'), 'suma_debito': Decimal('1917738933.30'), 'suma_credito': Decimal('1915254388.30'), 'suma_saldo_final': Decimal('29937393.42')}
2025-11-05 00:54:12 | INFO     | app_logger | save_with_transaction_and_validations:408 |    Saldo Inicial: $27,452,848.42
2025-11-05 00:54:12 | INFO     | app_logger | save_with_transaction_and_validations:409 |    Movimiento Débito: $1,917,738,933.30
2025-11-05 00:54:12 | INFO     | app_logger | save_with_transaction_and_validations:410 |    Crédito: $1,915,254,388.30
2025-11-05 00:54:12 | INFO     | app_logger | save_with_transaction_and_validations:422 | Totales por Clase calculados: {'total_clase_1': Decimal('1696210864.86'), 'total_clase_2': Decimal('1222265506.81'), 'total_clase_3': Decimal('382090709.42'), 'total_clase_4': Decimal('601687271.13'), 'total_clase_5': Decimal('160453806.50')}
2025-11-05 00:54:12 | INFO     | app_logger | save_with_transaction_and_validations:443 | Errores en ecuación contable individual: 0
2025-11-05 00:54:13 | INFO     | app_logger | log_transaction:75 |  Transacción: COMMIT - 631 registros guardados
2025-11-05 00:54:13 | INFO     | app_logger | save_with_transaction_and_validations:472 | COMMIT ejecutado exitosamente
2025-11-05 00:54:13 | INFO     | app_logger | get_connection:25 | Estableciendo conexión a BD: servidor-desarrollo-db.database.windows.net/bd_codigo_caf_pruebas/servidor-desarrollo-bd/ODBC Driver 18 for SQL Server/1433
2025-11-05 00:54:13 | INFO     | app_logger | get_connection:26 | Connection String: DRIVER={ODBC Driver 18 for SQL Server};SERVER=servidor-desarrollo-db.database.windows.net,1433;DATABASE=bd_codigo_caf_pruebas;UID=servidor-desarrollo-bd;PWD=$Capacitacion2025$;Encrypt=yes;TrustServerCertificate=no;Connection Timeout=30;
2025-11-05 00:54:13 | INFO     | app_logger | get_connection:28 | Conexión establecida exitosamente
2025-11-05 00:54:14 | INFO     | app_logger | get_connection:25 | Estableciendo conexión a BD: servidor-desarrollo-db.database.windows.net/bd_codigo_caf_pruebas/servidor-desarrollo-bd/ODBC Driver 18 for SQL Server/1433
2025-11-05 00:54:14 | INFO     | app_logger | get_connection:26 | Connection String: DRIVER={ODBC Driver 18 for SQL Server};SERVER=servidor-desarrollo-db.database.windows.net,1433;DATABASE=bd_codigo_caf_pruebas;UID=servidor-desarrollo-bd;PWD=$Capacitacion2025$;Encrypt=yes;TrustServerCertificate=no;Connection Timeout=30;
2025-11-05 00:54:14 | INFO     | app_logger | get_connection:28 | Conexión establecida exitosamente
2025-11-05 00:54:15 | INFO     | app_logger | insert_or_update_job_history:151 |  JobHistory actualizado correctamente para JobId: de78f039-12ed-4d80-8028-9ff24a9d9b56
2025-11-05 01:02:32 | INFO     | app_logger | process_excel:66 | Nuevo trabajo creado - Job ID: 0a9b29ea-be84-4607-9e42-43eecbef462c, Cliente: 987532460, Fecha: 20251102, Archivo: BalanceAsubir.xlsx
2025-11-05 01:02:32 | INFO     | app_logger | get_connection:25 | Estableciendo conexión a BD: servidor-desarrollo-db.database.windows.net/bd_codigo_caf_pruebas/servidor-desarrollo-bd/ODBC Driver 18 for SQL Server/1433
2025-11-05 01:02:32 | INFO     | app_logger | get_connection:26 | Connection String: DRIVER={ODBC Driver 18 for SQL Server};SERVER=servidor-desarrollo-db.database.windows.net,1433;DATABASE=bd_codigo_caf_pruebas;UID=servidor-desarrollo-bd;PWD=$Capacitacion2025$;Encrypt=yes;TrustServerCertificate=no;Connection Timeout=30;
2025-11-05 01:02:33 | INFO     | app_logger | get_connection:28 | Conexión establecida exitosamente
2025-11-05 01:02:33 | INFO     | app_logger | insert_or_update_job_history:151 |  JobHistory actualizado correctamente para JobId: 0a9b29ea-be84-4607-9e42-43eecbef462c
2025-11-05 01:02:34 | INFO     | app_logger | get_connection:25 | Estableciendo conexión a BD: servidor-desarrollo-db.database.windows.net/bd_codigo_caf_pruebas/servidor-desarrollo-bd/ODBC Driver 18 for SQL Server/1433
2025-11-05 01:02:34 | INFO     | app_logger | get_connection:26 | Connection String: DRIVER={ODBC Driver 18 for SQL Server};SERVER=servidor-desarrollo-db.database.windows.net,1433;DATABASE=bd_codigo_caf_pruebas;UID=servidor-desarrollo-bd;PWD=$Capacitacion2025$;Encrypt=yes;TrustServerCertificate=no;Connection Timeout=30;
2025-11-05 01:02:34 | INFO     | app_logger | get_connection:28 | Conexión establecida exitosamente
2025-11-05 01:02:35 | INFO     | app_logger | insert_or_update_job_history:151 |  JobHistory actualizado correctamente para JobId: 0a9b29ea-be84-4607-9e42-43eecbef462c
2025-11-05 01:02:35 | INFO     | app_logger | get_connection:25 | Estableciendo conexión a BD: servidor-desarrollo-db.database.windows.net/bd_codigo_caf_pruebas/servidor-desarrollo-bd/ODBC Driver 18 for SQL Server/1433
2025-11-05 01:02:35 | INFO     | app_logger | get_connection:26 | Connection String: DRIVER={ODBC Driver 18 for SQL Server};SERVER=servidor-desarrollo-db.database.windows.net,1433;DATABASE=bd_codigo_caf_pruebas;UID=servidor-desarrollo-bd;PWD=$Capacitacion2025$;Encrypt=yes;TrustServerCertificate=no;Connection Timeout=30;
2025-11-05 01:02:36 | INFO     | app_logger | get_connection:28 | Conexión establecida exitosamente
2025-11-05 01:02:36 | INFO     | app_logger | insert_or_update_job_history:151 |  JobHistory actualizado correctamente para JobId: 0a9b29ea-be84-4607-9e42-43eecbef462c
2025-11-05 01:02:36 | INFO     | app_logger | get_connection:25 | Estableciendo conexión a BD: servidor-desarrollo-db.database.windows.net/bd_codigo_caf_pruebas/servidor-desarrollo-bd/ODBC Driver 18 for SQL Server/1433
2025-11-05 01:02:36 | INFO     | app_logger | get_connection:26 | Connection String: DRIVER={ODBC Driver 18 for SQL Server};SERVER=servidor-desarrollo-db.database.windows.net,1433;DATABASE=bd_codigo_caf_pruebas;UID=servidor-desarrollo-bd;PWD=$Capacitacion2025$;Encrypt=yes;TrustServerCertificate=no;Connection Timeout=30;
2025-11-05 01:02:37 | INFO     | app_logger | get_connection:28 | Conexión establecida exitosamente
2025-11-05 01:02:37 | INFO     | app_logger | insert_or_update_job_history:151 |  JobHistory actualizado correctamente para JobId: 0a9b29ea-be84-4607-9e42-43eecbef462c
2025-11-05 01:02:37 | INFO     | app_logger | save_with_transaction_and_validations:315 | Iniciando transacción | Cliente: 987532460 | Fecha: 20251102 | Filas: 631
2025-11-05 01:02:37 | INFO     | app_logger | get_connection:25 | Estableciendo conexión a BD: servidor-desarrollo-db.database.windows.net/bd_codigo_caf_pruebas/servidor-desarrollo-bd/ODBC Driver 18 for SQL Server/1433
2025-11-05 01:02:37 | INFO     | app_logger | get_connection:26 | Connection String: DRIVER={ODBC Driver 18 for SQL Server};SERVER=servidor-desarrollo-db.database.windows.net,1433;DATABASE=bd_codigo_caf_pruebas;UID=servidor-desarrollo-bd;PWD=$Capacitacion2025$;Encrypt=yes;TrustServerCertificate=no;Connection Timeout=30;
2025-11-05 01:02:38 | INFO     | app_logger | get_connection:28 | Conexión establecida exitosamente
2025-11-05 01:02:38 | INFO     | app_logger | get_connection:25 | Estableciendo conexión a BD: servidor-desarrollo-db.database.windows.net/bd_codigo_caf_pruebas/servidor-desarrollo-bd/ODBC Driver 18 for SQL Server/1433
2025-11-05 01:02:38 | INFO     | app_logger | get_connection:26 | Connection String: DRIVER={ODBC Driver 18 for SQL Server};SERVER=servidor-desarrollo-db.database.windows.net,1433;DATABASE=bd_codigo_caf_pruebas;UID=servidor-desarrollo-bd;PWD=$Capacitacion2025$;Encrypt=yes;TrustServerCertificate=no;Connection Timeout=30;
2025-11-05 01:02:38 | INFO     | app_logger | get_connection:28 | Conexión establecida exitosamente
2025-11-05 01:02:39 | INFO     | app_logger | save_with_transaction_and_validations:327 | Transacción iniciada
2025-11-05 01:02:39 | INFO     | app_logger | save_with_transaction_and_validations:331 | Insertando 631 registros...
2025-11-05 01:02:40 | INFO     | app_logger | get_connection:25 | Estableciendo conexión a BD: servidor-desarrollo-db.database.windows.net/bd_codigo_caf_pruebas/servidor-desarrollo-bd/ODBC Driver 18 for SQL Server/1433
2025-11-05 01:02:40 | INFO     | app_logger | get_connection:26 | Connection String: DRIVER={ODBC Driver 18 for SQL Server};SERVER=servidor-desarrollo-db.database.windows.net,1433;DATABASE=bd_codigo_caf_pruebas;UID=servidor-desarrollo-bd;PWD=$Capacitacion2025$;Encrypt=yes;TrustServerCertificate=no;Connection Timeout=30;
2025-11-05 01:02:40 | INFO     | app_logger | get_connection:28 | Conexión establecida exitosamente
2025-11-05 01:02:41 | ERROR    | app_logger | get_job_history:201 | Error al obtener JobHistory para JobId=0a9b29ea-be84-4607-9e42-43eecbef462c: name 'JobStatus' is not defined
2025-11-05 01:03:06 | ERROR    | app_logger | save_with_transaction_and_validations:374 | Error insertando fila 322: ('08S01', '[08S01] [Microsoft][ODBC Driver 18 for SQL Server]TCP Provider: Error code 0x2746 (10054) (SQLExecDirectW)')
Traceback (most recent call last):
  File "/workspace/app/repositories/balance_general_repository.py", line 335, in save_with_transaction_and_validations
    cursor.execute("""
pyodbc.OperationalError: ('08S01', '[08S01] [Microsoft][ODBC Driver 18 for SQL Server]TCP Provider: Error code 0x2746 (10054) (SQLExecDirectW)')
2025-11-05 01:03:06 | ERROR    | app_logger | log_transaction:77 |  Transacción FALLIDA: ROLLBACK - Error inesperado: ('08S01', '[08S01] [Microsoft][ODBC Driver 18 for SQL Server]Communication link failure (0) (SQLExecDirectW)')
2025-11-05 01:03:06 | ERROR    | app_logger | save_with_transaction_and_validations:492 | Error en transacción
Traceback (most recent call last):
  File "/workspace/app/repositories/balance_general_repository.py", line 335, in save_with_transaction_and_validations
    cursor.execute("""
pyodbc.OperationalError: ('08S01', '[08S01] [Microsoft][ODBC Driver 18 for SQL Server]TCP Provider: Error code 0x2746 (10054) (SQLExecDirectW)')

During handling of the above exception, another exception occurred:

Traceback (most recent call last):
  File "/workspace/app/repositories/balance_general_repository.py", line 375, in save_with_transaction_and_validations
    cursor.execute("ROLLBACK TRANSACTION")
pyodbc.OperationalError: ('08S01', '[08S01] [Microsoft][ODBC Driver 18 for SQL Server]Communication link failure (0) (SQLExecDirectW)')
2025-11-05 01:03:06 | INFO     | app_logger | get_connection:25 | Estableciendo conexión a BD: servidor-desarrollo-db.database.windows.net/bd_codigo_caf_pruebas/servidor-desarrollo-bd/ODBC Driver 18 for SQL Server/1433
2025-11-05 01:03:06 | INFO     | app_logger | get_connection:26 | Connection String: DRIVER={ODBC Driver 18 for SQL Server};SERVER=servidor-desarrollo-db.database.windows.net,1433;DATABASE=bd_codigo_caf_pruebas;UID=servidor-desarrollo-bd;PWD=$Capacitacion2025$;Encrypt=yes;TrustServerCertificate=no;Connection Timeout=30;
2025-11-05 01:03:09 | INFO     | app_logger | __init__:21 | DatabaseRepository initialized with server: servidor-desarrollo-db.database.windows.net, database: bd_codigo_caf_pruebas
2025-11-05 01:03:09 | INFO     | app_logger | __init__:21 | DatabaseRepository initialized with server: servidor-desarrollo-db.database.windows.net, database: bd_codigo_caf_pruebas
2025-11-05 01:03:09 | INFO     | app_logger | __init__:21 | DatabaseRepository initialized with server: servidor-desarrollo-db.database.windows.net, database: bd_codigo_caf_pruebas
2025-11-05 01:03:09 | INFO     | app_logger | __init__:21 | DatabaseRepository initialized with server: servidor-desarrollo-db.database.windows.net, database: bd_codigo_caf_pruebas
2025-11-05 01:03:09 | INFO     | app_logger | __init__:21 | DatabaseRepository initialized with server: servidor-desarrollo-db.database.windows.net, database: bd_codigo_caf_pruebas
2025-11-05 01:03:09 | INFO     | app_logger | __init__:21 | DatabaseRepository initialized with server: servidor-desarrollo-db.database.windows.net, database: bd_codigo_caf_pruebas
2025-11-05 01:03:09 | INFO     | app_logger | __init__:21 | DatabaseRepository initialized with server: servidor-desarrollo-db.database.windows.net, database: bd_codigo_caf_pruebas
2025-11-05 01:03:09 | INFO     | app_logger | __init__:21 | DatabaseRepository initialized with server: servidor-desarrollo-db.database.windows.net, database: bd_codigo_caf_pruebas
2025-11-05 01:03:09 | INFO     | app_logger | __init__:21 | DatabaseRepository initialized with server: servidor-desarrollo-db.database.windows.net, database: bd_codigo_caf_pruebas
2025-11-05 01:03:09 | INFO     | app_logger | __init__:21 | DatabaseRepository initialized with server: servidor-desarrollo-db.database.windows.net, database: bd_codigo_caf_pruebas
2025-11-05 01:03:09 | INFO     | app_logger | __init__:21 | DatabaseRepository initialized with server: servidor-desarrollo-db.database.windows.net, database: bd_codigo_caf_pruebas
2025-11-05 01:03:09 | INFO     | app_logger | __init__:21 | DatabaseRepository initialized with server: servidor-desarrollo-db.database.windows.net, database: bd_codigo_caf_pruebas
2025-11-05 01:03:32 | INFO     | app_logger | __init__:21 | DatabaseRepository initialized with server: servidor-desarrollo-db.database.windows.net, database: bd_codigo_caf_pruebas
2025-11-05 01:03:32 | INFO     | app_logger | __init__:21 | DatabaseRepository initialized with server: servidor-desarrollo-db.database.windows.net, database: bd_codigo_caf_pruebas
2025-11-05 01:03:32 | INFO     | app_logger | __init__:21 | DatabaseRepository initialized with server: servidor-desarrollo-db.database.windows.net, database: bd_codigo_caf_pruebas
2025-11-05 01:03:32 | INFO     | app_logger | __init__:21 | DatabaseRepository initialized with server: servidor-desarrollo-db.database.windows.net, database: bd_codigo_caf_pruebas
2025-11-05 01:03:32 | INFO     | app_logger | __init__:21 | DatabaseRepository initialized with server: servidor-desarrollo-db.database.windows.net, database: bd_codigo_caf_pruebas
2025-11-05 01:03:32 | INFO     | app_logger | __init__:21 | DatabaseRepository initialized with server: servidor-desarrollo-db.database.windows.net, database: bd_codigo_caf_pruebas
2025-11-05 01:03:32 | INFO     | app_logger | __init__:21 | DatabaseRepository initialized with server: servidor-desarrollo-db.database.windows.net, database: bd_codigo_caf_pruebas
2025-11-05 01:03:32 | INFO     | app_logger | __init__:21 | DatabaseRepository initialized with server: servidor-desarrollo-db.database.windows.net, database: bd_codigo_caf_pruebas
2025-11-05 01:03:32 | INFO     | app_logger | __init__:21 | DatabaseRepository initialized with server: servidor-desarrollo-db.database.windows.net, database: bd_codigo_caf_pruebas
2025-11-05 01:03:32 | INFO     | app_logger | __init__:21 | DatabaseRepository initialized with server: servidor-desarrollo-db.database.windows.net, database: bd_codigo_caf_pruebas
2025-11-05 01:03:32 | INFO     | app_logger | __init__:21 | DatabaseRepository initialized with server: servidor-desarrollo-db.database.windows.net, database: bd_codigo_caf_pruebas
2025-11-05 01:03:32 | INFO     | app_logger | __init__:21 | DatabaseRepository initialized with server: servidor-desarrollo-db.database.windows.net, database: bd_codigo_caf_pruebas
2025-11-05 01:04:13 | INFO     | app_logger | process_excel:66 | Nuevo trabajo creado - Job ID: b502dbb9-04b4-43dd-919b-9deb1f202721, Cliente: 987532460, Fecha: 20251102, Archivo: BalanceAsubir.xlsx
2025-11-05 01:04:13 | INFO     | app_logger | get_connection:25 | Estableciendo conexión a BD: servidor-desarrollo-db.database.windows.net/bd_codigo_caf_pruebas/servidor-desarrollo-bd/ODBC Driver 18 for SQL Server/1433
2025-11-05 01:04:13 | INFO     | app_logger | get_connection:26 | Connection String: DRIVER={ODBC Driver 18 for SQL Server};SERVER=servidor-desarrollo-db.database.windows.net,1433;DATABASE=bd_codigo_caf_pruebas;UID=servidor-desarrollo-bd;PWD=$Capacitacion2025$;Encrypt=yes;TrustServerCertificate=no;Connection Timeout=30;
2025-11-05 01:04:16 | INFO     | app_logger | get_connection:28 | Conexión establecida exitosamente
2025-11-05 01:04:16 | INFO     | app_logger | insert_or_update_job_history:151 |  JobHistory actualizado correctamente para JobId: b502dbb9-04b4-43dd-919b-9deb1f202721
2025-11-05 01:04:17 | INFO     | app_logger | get_connection:25 | Estableciendo conexión a BD: servidor-desarrollo-db.database.windows.net/bd_codigo_caf_pruebas/servidor-desarrollo-bd/ODBC Driver 18 for SQL Server/1433
2025-11-05 01:04:17 | INFO     | app_logger | get_connection:26 | Connection String: DRIVER={ODBC Driver 18 for SQL Server};SERVER=servidor-desarrollo-db.database.windows.net,1433;DATABASE=bd_codigo_caf_pruebas;UID=servidor-desarrollo-bd;PWD=$Capacitacion2025$;Encrypt=yes;TrustServerCertificate=no;Connection Timeout=30;
2025-11-05 01:04:17 | INFO     | app_logger | get_connection:28 | Conexión establecida exitosamente
2025-11-05 01:04:18 | INFO     | app_logger | insert_or_update_job_history:151 |  JobHistory actualizado correctamente para JobId: b502dbb9-04b4-43dd-919b-9deb1f202721
2025-11-05 01:04:18 | INFO     | app_logger | get_connection:25 | Estableciendo conexión a BD: servidor-desarrollo-db.database.windows.net/bd_codigo_caf_pruebas/servidor-desarrollo-bd/ODBC Driver 18 for SQL Server/1433
2025-11-05 01:04:18 | INFO     | app_logger | get_connection:26 | Connection String: DRIVER={ODBC Driver 18 for SQL Server};SERVER=servidor-desarrollo-db.database.windows.net,1433;DATABASE=bd_codigo_caf_pruebas;UID=servidor-desarrollo-bd;PWD=$Capacitacion2025$;Encrypt=yes;TrustServerCertificate=no;Connection Timeout=30;
2025-11-05 01:04:18 | INFO     | app_logger | get_connection:28 | Conexión establecida exitosamente
2025-11-05 01:04:19 | INFO     | app_logger | insert_or_update_job_history:151 |  JobHistory actualizado correctamente para JobId: b502dbb9-04b4-43dd-919b-9deb1f202721
2025-11-05 01:04:19 | INFO     | app_logger | get_connection:25 | Estableciendo conexión a BD: servidor-desarrollo-db.database.windows.net/bd_codigo_caf_pruebas/servidor-desarrollo-bd/ODBC Driver 18 for SQL Server/1433
2025-11-05 01:04:19 | INFO     | app_logger | get_connection:26 | Connection String: DRIVER={ODBC Driver 18 for SQL Server};SERVER=servidor-desarrollo-db.database.windows.net,1433;DATABASE=bd_codigo_caf_pruebas;UID=servidor-desarrollo-bd;PWD=$Capacitacion2025$;Encrypt=yes;TrustServerCertificate=no;Connection Timeout=30;
2025-11-05 01:04:19 | INFO     | app_logger | get_connection:28 | Conexión establecida exitosamente
2025-11-05 01:04:20 | INFO     | app_logger | insert_or_update_job_history:151 |  JobHistory actualizado correctamente para JobId: b502dbb9-04b4-43dd-919b-9deb1f202721
2025-11-05 01:04:20 | INFO     | app_logger | save_with_transaction_and_validations:315 | Iniciando transacción | Cliente: 987532460 | Fecha: 20251102 | Filas: 631
2025-11-05 01:04:20 | INFO     | app_logger | get_connection:25 | Estableciendo conexión a BD: servidor-desarrollo-db.database.windows.net/bd_codigo_caf_pruebas/servidor-desarrollo-bd/ODBC Driver 18 for SQL Server/1433
2025-11-05 01:04:20 | INFO     | app_logger | get_connection:26 | Connection String: DRIVER={ODBC Driver 18 for SQL Server};SERVER=servidor-desarrollo-db.database.windows.net,1433;DATABASE=bd_codigo_caf_pruebas;UID=servidor-desarrollo-bd;PWD=$Capacitacion2025$;Encrypt=yes;TrustServerCertificate=no;Connection Timeout=30;
2025-11-05 01:04:20 | INFO     | app_logger | get_connection:28 | Conexión establecida exitosamente
2025-11-05 01:04:20 | INFO     | app_logger | get_connection:25 | Estableciendo conexión a BD: servidor-desarrollo-db.database.windows.net/bd_codigo_caf_pruebas/servidor-desarrollo-bd/ODBC Driver 18 for SQL Server/1433
2025-11-05 01:04:20 | INFO     | app_logger | get_connection:26 | Connection String: DRIVER={ODBC Driver 18 for SQL Server};SERVER=servidor-desarrollo-db.database.windows.net,1433;DATABASE=bd_codigo_caf_pruebas;UID=servidor-desarrollo-bd;PWD=$Capacitacion2025$;Encrypt=yes;TrustServerCertificate=no;Connection Timeout=30;
2025-11-05 01:04:21 | INFO     | app_logger | get_connection:28 | Conexión establecida exitosamente
2025-11-05 01:04:21 | INFO     | app_logger | save_with_transaction_and_validations:327 | Transacción iniciada
2025-11-05 01:04:21 | INFO     | app_logger | save_with_transaction_and_validations:331 | Insertando 631 registros...
2025-11-05 01:05:18 | INFO     | app_logger | save_with_transaction_and_validations:384 | ✅ 631 registros insertados en transacción
2025-11-05 01:05:48 | INFO     | app_logger | save_with_transaction_and_validations:407 | Totales Generales calculados: {'total_registros': 1262, 'suma_saldo_inicial': Decimal('54905696.84'), 'suma_debito': Decimal('3835477866.60'), 'suma_credito': Decimal('3830508776.60'), 'suma_saldo_final': Decimal('59874786.84')}
2025-11-05 01:05:48 | INFO     | app_logger | save_with_transaction_and_validations:408 |    Saldo Inicial: $54,905,696.84
2025-11-05 01:05:48 | INFO     | app_logger | save_with_transaction_and_validations:409 |    Movimiento Débito: $3,835,477,866.60
2025-11-05 01:05:48 | INFO     | app_logger | save_with_transaction_and_validations:410 |    Crédito: $3,830,508,776.60
2025-11-05 01:05:48 | INFO     | app_logger | save_with_transaction_and_validations:422 | Totales por Clase calculados: {'total_clase_1': Decimal('3392421729.72'), 'total_clase_2': Decimal('2444531013.62'), 'total_clase_3': Decimal('764181418.84'), 'total_clase_4': Decimal('1203374542.26'), 'total_clase_5': Decimal('320907613.00')}
2025-11-05 01:05:49 | INFO     | app_logger | save_with_transaction_and_validations:443 | Errores en ecuación contable individual: 0
2025-11-05 01:05:49 | INFO     | app_logger | log_transaction:75 |  Transacción: COMMIT - 631 registros guardados
2025-11-05 01:05:49 | INFO     | app_logger | save_with_transaction_and_validations:472 | ✅ COMMIT ejecutado exitosamente
2025-11-05 01:05:49 | INFO     | app_logger | get_connection:25 | Estableciendo conexión a BD: servidor-desarrollo-db.database.windows.net/bd_codigo_caf_pruebas/servidor-desarrollo-bd/ODBC Driver 18 for SQL Server/1433
2025-11-05 01:05:49 | INFO     | app_logger | get_connection:26 | Connection String: DRIVER={ODBC Driver 18 for SQL Server};SERVER=servidor-desarrollo-db.database.windows.net,1433;DATABASE=bd_codigo_caf_pruebas;UID=servidor-desarrollo-bd;PWD=$Capacitacion2025$;Encrypt=yes;TrustServerCertificate=no;Connection Timeout=30;
2025-11-05 01:05:50 | INFO     | app_logger | get_connection:28 | Conexión establecida exitosamente
2025-11-05 01:05:51 | INFO     | app_logger | get_connection:25 | Estableciendo conexión a BD: servidor-desarrollo-db.database.windows.net/bd_codigo_caf_pruebas/servidor-desarrollo-bd/ODBC Driver 18 for SQL Server/1433
2025-11-05 01:05:51 | INFO     | app_logger | get_connection:26 | Connection String: DRIVER={ODBC Driver 18 for SQL Server};SERVER=servidor-desarrollo-db.database.windows.net,1433;DATABASE=bd_codigo_caf_pruebas;UID=servidor-desarrollo-bd;PWD=$Capacitacion2025$;Encrypt=yes;TrustServerCertificate=no;Connection Timeout=30;
2025-11-05 01:05:51 | INFO     | app_logger | get_connection:28 | Conexión establecida exitosamente
2025-11-05 01:05:51 | INFO     | app_logger | insert_log_carga:528 | Insertando log de carga balance general en la base de datos...
2025-11-05 01:05:52 | INFO     | app_logger | insert_log_carga:573 | {'action': 'insert_log_carga', 'fecha_carga': '20251102', 'id_cliente': '17', 'nombre_cliente': 'OCM', 'total_registros': 1262, 'total_activos': 3392421729.72, 'total_pasivos': 2444531013.62, 'total_patrimonio': 764181418.84, 'total_ingresos': 1203374542.26, 'total_gastos': 320907613.0, 'suma_saldo_inicial': 54905696.84, 'suma_debito': 3835477866.6, 'suma_credito': 3830508776.6, 'observaciones': 'Carga completada correctamente. Todas las validaciones pasaron.', 'archivo_origen': 'b502dbb9-04b4-43dd-919b-9deb1f202721_BalanceAsubir.xlsx', 'cantidad_errores_jerarquia': 0, 'diferencia_ecuacion': 183709297.26, 'estado': 'EXITOSO', 'tiempo_ejecucion': 97}
2025-11-05 01:05:52 | INFO     | app_logger | get_connection:25 | Estableciendo conexión a BD: servidor-desarrollo-db.database.windows.net/bd_codigo_caf_pruebas/servidor-desarrollo-bd/ODBC Driver 18 for SQL Server/1433
2025-11-05 01:05:52 | INFO     | app_logger | get_connection:26 | Connection String: DRIVER={ODBC Driver 18 for SQL Server};SERVER=servidor-desarrollo-db.database.windows.net,1433;DATABASE=bd_codigo_caf_pruebas;UID=servidor-desarrollo-bd;PWD=$Capacitacion2025$;Encrypt=yes;TrustServerCertificate=no;Connection Timeout=30;
2025-11-05 01:05:52 | INFO     | app_logger | get_connection:28 | Conexión establecida exitosamente
2025-11-05 01:05:53 | INFO     | app_logger | get_connection:25 | Estableciendo conexión a BD: servidor-desarrollo-db.database.windows.net/bd_codigo_caf_pruebas/servidor-desarrollo-bd/ODBC Driver 18 for SQL Server/1433
2025-11-05 01:05:53 | INFO     | app_logger | get_connection:26 | Connection String: DRIVER={ODBC Driver 18 for SQL Server};SERVER=servidor-desarrollo-db.database.windows.net,1433;DATABASE=bd_codigo_caf_pruebas;UID=servidor-desarrollo-bd;PWD=$Capacitacion2025$;Encrypt=yes;TrustServerCertificate=no;Connection Timeout=30;
2025-11-05 01:05:53 | INFO     | app_logger | get_connection:28 | Conexión establecida exitosamente
2025-11-05 01:05:53 | INFO     | app_logger | insert_log_carga:528 | Insertando log de carga balance general en la base de datos...
2025-11-05 01:05:54 | INFO     | app_logger | insert_log_carga:573 | {'action': 'insert_log_carga', 'fecha_carga': '20251102', 'id_cliente': '17', 'nombre_cliente': 'OCM', 'total_registros': 0, 'total_activos': 0.0, 'total_pasivos': 0.0, 'total_patrimonio': 0.0, 'total_ingresos': 0.0, 'total_gastos': 0.0, 'suma_saldo_inicial': 0.0, 'suma_debito': 0.0, 'suma_credito': 0.0, 'observaciones': "Error crítico en procesamiento: module 'app' has no attribute 'logger'", 'archivo_origen': 'b502dbb9-04b4-43dd-919b-9deb1f202721_BalanceAsubir.xlsx', 'cantidad_errores_jerarquia': 0, 'diferencia_ecuacion': 0.0, 'estado': 'ERROR', 'tiempo_ejecucion': 98}
2025-11-05 01:05:54 | INFO     | app_logger | get_connection:25 | Estableciendo conexión a BD: servidor-desarrollo-db.database.windows.net/bd_codigo_caf_pruebas/servidor-desarrollo-bd/ODBC Driver 18 for SQL Server/1433
2025-11-05 01:05:54 | INFO     | app_logger | get_connection:26 | Connection String: DRIVER={ODBC Driver 18 for SQL Server};SERVER=servidor-desarrollo-db.database.windows.net,1433;DATABASE=bd_codigo_caf_pruebas;UID=servidor-desarrollo-bd;PWD=$Capacitacion2025$;Encrypt=yes;TrustServerCertificate=no;Connection Timeout=30;
2025-11-05 01:05:55 | INFO     | app_logger | get_connection:28 | Conexión establecida exitosamente
2025-11-05 01:05:55 | INFO     | app_logger | insert_or_update_job_history:151 |  JobHistory actualizado correctamente para JobId: b502dbb9-04b4-43dd-919b-9deb1f202721
2025-11-05 01:07:47 | INFO     | app_logger | __init__:21 | DatabaseRepository initialized with server: servidor-desarrollo-db.database.windows.net, database: bd_codigo_caf_pruebas
2025-11-05 01:07:47 | INFO     | app_logger | __init__:21 | DatabaseRepository initialized with server: servidor-desarrollo-db.database.windows.net, database: bd_codigo_caf_pruebas
2025-11-05 01:07:47 | INFO     | app_logger | __init__:21 | DatabaseRepository initialized with server: servidor-desarrollo-db.database.windows.net, database: bd_codigo_caf_pruebas
2025-11-05 01:07:47 | INFO     | app_logger | __init__:21 | DatabaseRepository initialized with server: servidor-desarrollo-db.database.windows.net, database: bd_codigo_caf_pruebas
2025-11-05 01:07:47 | INFO     | app_logger | __init__:21 | DatabaseRepository initialized with server: servidor-desarrollo-db.database.windows.net, database: bd_codigo_caf_pruebas
2025-11-05 01:07:47 | INFO     | app_logger | __init__:21 | DatabaseRepository initialized with server: servidor-desarrollo-db.database.windows.net, database: bd_codigo_caf_pruebas
2025-11-05 01:07:47 | INFO     | app_logger | __init__:21 | DatabaseRepository initialized with server: servidor-desarrollo-db.database.windows.net, database: bd_codigo_caf_pruebas
2025-11-05 01:07:47 | INFO     | app_logger | __init__:21 | DatabaseRepository initialized with server: servidor-desarrollo-db.database.windows.net, database: bd_codigo_caf_pruebas
2025-11-05 01:07:47 | INFO     | app_logger | __init__:21 | DatabaseRepository initialized with server: servidor-desarrollo-db.database.windows.net, database: bd_codigo_caf_pruebas
2025-11-05 01:07:47 | INFO     | app_logger | __init__:21 | DatabaseRepository initialized with server: servidor-desarrollo-db.database.windows.net, database: bd_codigo_caf_pruebas
2025-11-05 01:07:47 | INFO     | app_logger | __init__:21 | DatabaseRepository initialized with server: servidor-desarrollo-db.database.windows.net, database: bd_codigo_caf_pruebas
2025-11-05 01:07:47 | INFO     | app_logger | __init__:21 | DatabaseRepository initialized with server: servidor-desarrollo-db.database.windows.net, database: bd_codigo_caf_pruebas
2025-11-05 01:08:51 | INFO     | app_logger | get_connection:25 | Estableciendo conexión a BD: servidor-desarrollo-db.database.windows.net/bd_codigo_caf_pruebas/servidor-desarrollo-bd/ODBC Driver 18 for SQL Server/1433
2025-11-05 01:08:51 | INFO     | app_logger | get_connection:26 | Connection String: DRIVER={ODBC Driver 18 for SQL Server};SERVER=servidor-desarrollo-db.database.windows.net,1433;DATABASE=bd_codigo_caf_pruebas;UID=servidor-desarrollo-bd;PWD=$Capacitacion2025$;Encrypt=yes;TrustServerCertificate=no;Connection Timeout=30;
2025-11-05 01:08:53 | INFO     | app_logger | get_connection:28 | Conexión establecida exitosamente
2025-11-05 01:08:53 | ERROR    | app_logger | get_job_history:201 | Error al obtener JobHistory para JobId=b502dbb9-04b4-43dd-919b-9deb1f202721: name 'JobStatus' is not defined
2025-11-05 01:09:59 | INFO     | app_logger | __init__:21 | DatabaseRepository initialized with server: servidor-desarrollo-db.database.windows.net, database: bd_codigo_caf_pruebas
2025-11-05 01:09:59 | INFO     | app_logger | __init__:21 | DatabaseRepository initialized with server: servidor-desarrollo-db.database.windows.net, database: bd_codigo_caf_pruebas
2025-11-05 01:09:59 | INFO     | app_logger | __init__:21 | DatabaseRepository initialized with server: servidor-desarrollo-db.database.windows.net, database: bd_codigo_caf_pruebas
2025-11-05 01:09:59 | INFO     | app_logger | __init__:21 | DatabaseRepository initialized with server: servidor-desarrollo-db.database.windows.net, database: bd_codigo_caf_pruebas
2025-11-05 01:09:59 | INFO     | app_logger | __init__:21 | DatabaseRepository initialized with server: servidor-desarrollo-db.database.windows.net, database: bd_codigo_caf_pruebas
2025-11-05 01:09:59 | INFO     | app_logger | __init__:21 | DatabaseRepository initialized with server: servidor-desarrollo-db.database.windows.net, database: bd_codigo_caf_pruebas
2025-11-05 01:09:59 | INFO     | app_logger | __init__:21 | DatabaseRepository initialized with server: servidor-desarrollo-db.database.windows.net, database: bd_codigo_caf_pruebas
2025-11-05 01:09:59 | INFO     | app_logger | __init__:21 | DatabaseRepository initialized with server: servidor-desarrollo-db.database.windows.net, database: bd_codigo_caf_pruebas
2025-11-05 01:10:00 | INFO     | app_logger | __init__:21 | DatabaseRepository initialized with server: servidor-desarrollo-db.database.windows.net, database: bd_codigo_caf_pruebas
2025-11-05 01:10:00 | INFO     | app_logger | __init__:21 | DatabaseRepository initialized with server: servidor-desarrollo-db.database.windows.net, database: bd_codigo_caf_pruebas
2025-11-05 01:10:00 | INFO     | app_logger | __init__:21 | DatabaseRepository initialized with server: servidor-desarrollo-db.database.windows.net, database: bd_codigo_caf_pruebas
2025-11-05 01:10:00 | INFO     | app_logger | __init__:21 | DatabaseRepository initialized with server: servidor-desarrollo-db.database.windows.net, database: bd_codigo_caf_pruebas
2025-11-05 01:10:36 | INFO     | app_logger | get_connection:25 | Estableciendo conexión a BD: servidor-desarrollo-db.database.windows.net/bd_codigo_caf_pruebas/servidor-desarrollo-bd/ODBC Driver 18 for SQL Server/1433
2025-11-05 01:10:36 | INFO     | app_logger | get_connection:26 | Connection String: DRIVER={ODBC Driver 18 for SQL Server};SERVER=servidor-desarrollo-db.database.windows.net,1433;DATABASE=bd_codigo_caf_pruebas;UID=servidor-desarrollo-bd;PWD=$Capacitacion2025$;Encrypt=yes;TrustServerCertificate=no;Connection Timeout=30;
2025-11-05 01:10:38 | INFO     | app_logger | get_connection:28 | Conexión establecida exitosamente
2025-11-05 01:10:38 | ERROR    | app_logger | get_job_history:201 | Error al obtener JobHistory para JobId=b502dbb9-04b4-43dd-919b-9deb1f202721: name 'json' is not defined
2025-11-05 01:11:38 | INFO     | app_logger | __init__:21 | DatabaseRepository initialized with server: servidor-desarrollo-db.database.windows.net, database: bd_codigo_caf_pruebas
2025-11-05 01:11:38 | INFO     | app_logger | __init__:21 | DatabaseRepository initialized with server: servidor-desarrollo-db.database.windows.net, database: bd_codigo_caf_pruebas
2025-11-05 01:11:38 | INFO     | app_logger | __init__:21 | DatabaseRepository initialized with server: servidor-desarrollo-db.database.windows.net, database: bd_codigo_caf_pruebas
2025-11-05 01:11:38 | INFO     | app_logger | __init__:21 | DatabaseRepository initialized with server: servidor-desarrollo-db.database.windows.net, database: bd_codigo_caf_pruebas
2025-11-05 01:11:38 | INFO     | app_logger | __init__:21 | DatabaseRepository initialized with server: servidor-desarrollo-db.database.windows.net, database: bd_codigo_caf_pruebas
2025-11-05 01:11:38 | INFO     | app_logger | __init__:21 | DatabaseRepository initialized with server: servidor-desarrollo-db.database.windows.net, database: bd_codigo_caf_pruebas
2025-11-05 01:11:38 | INFO     | app_logger | __init__:21 | DatabaseRepository initialized with server: servidor-desarrollo-db.database.windows.net, database: bd_codigo_caf_pruebas
2025-11-05 01:11:38 | INFO     | app_logger | __init__:21 | DatabaseRepository initialized with server: servidor-desarrollo-db.database.windows.net, database: bd_codigo_caf_pruebas
2025-11-05 01:11:38 | INFO     | app_logger | __init__:21 | DatabaseRepository initialized with server: servidor-desarrollo-db.database.windows.net, database: bd_codigo_caf_pruebas
2025-11-05 01:11:38 | INFO     | app_logger | __init__:21 | DatabaseRepository initialized with server: servidor-desarrollo-db.database.windows.net, database: bd_codigo_caf_pruebas
2025-11-05 01:11:38 | INFO     | app_logger | __init__:21 | DatabaseRepository initialized with server: servidor-desarrollo-db.database.windows.net, database: bd_codigo_caf_pruebas
2025-11-05 01:11:38 | INFO     | app_logger | __init__:21 | DatabaseRepository initialized with server: servidor-desarrollo-db.database.windows.net, database: bd_codigo_caf_pruebas
2025-11-05 01:12:01 | INFO     | app_logger | get_connection:25 | Estableciendo conexión a BD: servidor-desarrollo-db.database.windows.net/bd_codigo_caf_pruebas/servidor-desarrollo-bd/ODBC Driver 18 for SQL Server/1433
2025-11-05 01:12:01 | INFO     | app_logger | get_connection:26 | Connection String: DRIVER={ODBC Driver 18 for SQL Server};SERVER=servidor-desarrollo-db.database.windows.net,1433;DATABASE=bd_codigo_caf_pruebas;UID=servidor-desarrollo-bd;PWD=$Capacitacion2025$;Encrypt=yes;TrustServerCertificate=no;Connection Timeout=30;
2025-11-05 01:12:03 | INFO     | app_logger | get_connection:28 | Conexión establecida exitosamente
2025-11-05 01:12:03 | ERROR    | app_logger | get_job_history:201 | Error al obtener JobHistory para JobId=b502dbb9-04b4-43dd-919b-9deb1f202721: 4 validation errors for JobStatusResponse
created_at
  Input should be a valid string [type=string_type, input_value=datetime.datetime(2025, 11, 5, 1, 4, 13, 960768), input_type=datetime]
    For further information visit https://errors.pydantic.dev/2.5/v/string_type
updated_at
  Input should be a valid string [type=string_type, input_value=datetime.datetime(2025, 11, 5, 1, 5, 54, 240078), input_type=datetime]
    For further information visit https://errors.pydantic.dev/2.5/v/string_type
started_at
  Input should be a valid string [type=string_type, input_value=datetime.datetime(2025, 11, 5, 1, 4, 13, 963111), input_type=datetime]
    For further information visit https://errors.pydantic.dev/2.5/v/string_type
completed_at
  Input should be a valid string [type=string_type, input_value=datetime.datetime(2025, 11, 5, 1, 5, 54, 240115), input_type=datetime]
    For further information visit https://errors.pydantic.dev/2.5/v/string_type
2025-11-05 01:14:41 | INFO     | app_logger | __init__:22 | DatabaseRepository initialized with server: servidor-desarrollo-db.database.windows.net, database: bd_codigo_caf_pruebas
2025-11-05 01:14:41 | INFO     | app_logger | __init__:22 | DatabaseRepository initialized with server: servidor-desarrollo-db.database.windows.net, database: bd_codigo_caf_pruebas
2025-11-05 01:14:41 | INFO     | app_logger | __init__:22 | DatabaseRepository initialized with server: servidor-desarrollo-db.database.windows.net, database: bd_codigo_caf_pruebas
2025-11-05 01:14:41 | INFO     | app_logger | __init__:22 | DatabaseRepository initialized with server: servidor-desarrollo-db.database.windows.net, database: bd_codigo_caf_pruebas
2025-11-05 01:14:41 | INFO     | app_logger | __init__:22 | DatabaseRepository initialized with server: servidor-desarrollo-db.database.windows.net, database: bd_codigo_caf_pruebas
2025-11-05 01:14:41 | INFO     | app_logger | __init__:22 | DatabaseRepository initialized with server: servidor-desarrollo-db.database.windows.net, database: bd_codigo_caf_pruebas
2025-11-05 01:14:41 | INFO     | app_logger | __init__:22 | DatabaseRepository initialized with server: servidor-desarrollo-db.database.windows.net, database: bd_codigo_caf_pruebas
2025-11-05 01:14:41 | INFO     | app_logger | __init__:22 | DatabaseRepository initialized with server: servidor-desarrollo-db.database.windows.net, database: bd_codigo_caf_pruebas
2025-11-05 01:14:41 | INFO     | app_logger | __init__:22 | DatabaseRepository initialized with server: servidor-desarrollo-db.database.windows.net, database: bd_codigo_caf_pruebas
2025-11-05 01:14:41 | INFO     | app_logger | __init__:22 | DatabaseRepository initialized with server: servidor-desarrollo-db.database.windows.net, database: bd_codigo_caf_pruebas
2025-11-05 01:14:41 | INFO     | app_logger | __init__:22 | DatabaseRepository initialized with server: servidor-desarrollo-db.database.windows.net, database: bd_codigo_caf_pruebas
2025-11-05 01:14:41 | INFO     | app_logger | __init__:22 | DatabaseRepository initialized with server: servidor-desarrollo-db.database.windows.net, database: bd_codigo_caf_pruebas
2025-11-05 01:14:58 | INFO     | app_logger | get_connection:26 | Estableciendo conexión a BD: servidor-desarrollo-db.database.windows.net/bd_codigo_caf_pruebas/servidor-desarrollo-bd/ODBC Driver 18 for SQL Server/1433
2025-11-05 01:14:58 | INFO     | app_logger | get_connection:27 | Connection String: DRIVER={ODBC Driver 18 for SQL Server};SERVER=servidor-desarrollo-db.database.windows.net,1433;DATABASE=bd_codigo_caf_pruebas;UID=servidor-desarrollo-bd;PWD=$Capacitacion2025$;Encrypt=yes;TrustServerCertificate=no;Connection Timeout=30;
2025-11-05 01:15:00 | INFO     | app_logger | get_connection:29 | Conexión establecida exitosamente
2025-11-05 01:16:23 | INFO     | app_logger | get_connection:26 | Estableciendo conexión a BD: servidor-desarrollo-db.database.windows.net/bd_codigo_caf_pruebas/servidor-desarrollo-bd/ODBC Driver 18 for SQL Server/1433
2025-11-05 01:16:23 | INFO     | app_logger | get_connection:27 | Connection String: DRIVER={ODBC Driver 18 for SQL Server};SERVER=servidor-desarrollo-db.database.windows.net,1433;DATABASE=bd_codigo_caf_pruebas;UID=servidor-desarrollo-bd;PWD=$Capacitacion2025$;Encrypt=yes;TrustServerCertificate=no;Connection Timeout=30;
2025-11-05 01:16:24 | INFO     | app_logger | get_connection:29 | Conexión establecida exitosamente
